<?xml version="1.0" encoding="UTF-8"?>
<!-- Generated by org.testng.reporters.JUnitReportReporter -->
<testsuite skipped="4" hostname="LAPTOP-0IBD1NEI" name="com.test.Vpm_Test" tests="5" failures="0" timestamp="27 Nov 2020 11:18:27 GMT" time="17.106" errors="0">
  <testcase name="Joiner_Joines_The_Room_Created" time="17.106" classname="com.test.Vpm_Test"/>
  <testcase name="Feed_shows_type_of_call" classname="com.test.Vpm_Test">
    <skipped/>
  </testcase> <!-- Feed_shows_type_of_call -->
  <testcase name="Feed_shows_priorcalls" classname="com.test.Vpm_Test">
    <skipped/>
  </testcase> <!-- Feed_shows_priorcalls -->
  <testcase name="feedlist_view_createandjoin_option" classname="com.test.Vpm_Test">
    <skipped/>
  </testcase> <!-- feedlist_view_createandjoin_option -->
  <testcase name="User_lands_on_feedscreen" classname="com.test.Vpm_Test">
    <skipped/>
  </testcase> <!-- User_lands_on_feedscreen -->
</testsuite> <!-- com.test.Vpm_Test -->
