<?xml version="1.0" encoding="UTF-8"?>
<!-- Generated by org.testng.reporters.JUnitReportReporter -->
<testsuite skipped="2" hostname="LAPTOP-0IBD1NEI" name="com.test.TestClass1" tests="3" failures="0" timestamp="27 Nov 2020 12:17:43 GMT" time="79.048" errors="0">
  <testcase name="Creater_Creates_A_New_Room" time="79.048" classname="com.test.TestClass1"/>
  <testcase name="Creater_Click_back_button" classname="com.test.TestClass1">
    <skipped/>
  </testcase> <!-- Creater_Click_back_button -->
  <testcase name="Creater_end_The_Session" classname="com.test.TestClass1">
    <skipped/>
  </testcase> <!-- Creater_end_The_Session -->
</testsuite> <!-- com.test.TestClass1 -->
