<?xml version="1.0" encoding="UTF-8"?>
<!-- Generated by org.testng.reporters.JUnitReportReporter -->
<testsuite skipped="3" hostname="LAPTOP-0IBD1NEI" name="com.test.TestClass2" tests="4" failures="0" timestamp="27 Nov 2020 17:15:49 GMT" time="31.727" errors="0">
  <testcase name="Joiner_Joines_The_Room_Created" time="31.727" classname="com.test.TestClass2"/>
  <testcase name="Joiner_end_The_session" classname="com.test.TestClass2">
    <skipped/>
  </testcase> <!-- Joiner_end_The_session -->
  <testcase name="Joiner_joins_with_videoAudio" classname="com.test.TestClass2">
    <skipped/>
  </testcase> <!-- Joiner_joins_with_videoAudio -->
  <testcase name="live_session_visisble" classname="com.test.TestClass2">
    <skipped/>
  </testcase> <!-- live_session_visisble -->
</testsuite> <!-- com.test.TestClass2 -->
